<?xml version="1.0" encoding="UTF-8"?>
<!-- Generated by org.testng.reporters.JUnitXMLReporter -->
<testsuite ignored="8" hostname="DESKTOP-FDDB765" failures="0" tests="1" name="Default test" time="0.488" errors="0" timestamp="2025-09-02T21:48:53 IST">
  <testcase classname="apiRequestLearning.FinalRequestPrep" name="test9" time="0.413"/>
  <testcase classname="apiRequestLearning.FinalRequestPrep" name="test3" time="0.0">
    <ignored/>
  </testcase> <!-- test3 -->
  <testcase classname="apiRequestLearning.FinalRequestPrep" name="test2" time="0.0">
    <ignored/>
  </testcase> <!-- test2 -->
  <testcase classname="apiRequestLearning.FinalRequestPrep" name="test5" time="0.0">
    <ignored/>
  </testcase> <!-- test5 -->
  <testcase classname="apiRequestLearning.FinalRequestPrep" name="test4" time="0.0">
    <ignored/>
  </testcase> <!-- test4 -->
  <testcase classname="apiRequestLearning.FinalRequestPrep" name="test7" time="0.0">
    <ignored/>
  </testcase> <!-- test7 -->
  <testcase classname="apiRequestLearning.FinalRequestPrep" name="test6" time="0.0">
    <ignored/>
  </testcase> <!-- test6 -->
  <testcase classname="apiRequestLearning.FinalRequestPrep" name="test8" time="0.0">
    <ignored/>
  </testcase> <!-- test8 -->
  <testcase classname="apiRequestLearning.FinalRequestPrep" name="test1" time="0.0">
    <ignored/>
  </testcase> <!-- test1 -->
</testsuite> <!-- Default test -->
