<?xml version="1.0" encoding="UTF-8"?>
<!-- Generated by org.testng.reporters.JUnitXMLReporter -->
<testsuite ignored="0" hostname="DESKTOP-FDDB765" failures="0" tests="5" name="Test" time="9.791" errors="0" timestamp="2025-08-27T20:14:20 IST">
  <testcase classname="demo1.Test2" name="f" time="0.036"/>
  <testcase classname="demo1.Test2" name="g" time="0.003"/>
  <testcase classname="demo1.DemoTest" name="fun1" time="7.181"/>
  <testcase classname="demo1.DemoTest" name="fun2" time="0.106"/>
  <testcase classname="demo1.DemoTest" name="fun3" time="1.825"/>
</testsuite> <!-- Test -->
