<?xml version="1.0" encoding="UTF-8"?>
<!-- Generated by org.testng.reporters.JUnitXMLReporter -->
<testsuite ignored="0" hostname="DESKTOP-FDDB765" failures="0" tests="5" name="Test" time="5.436" errors="0" timestamp="2025-08-27T20:57:04 IST">
  <testcase classname="demo1.Test2" name="f" time="0.01"/>
  <testcase classname="demo1.Test2" name="g" time="0.001"/>
  <testcase classname="demo1.DemoTest" name="fun1" time="4.637"/>
  <testcase classname="demo1.DemoTest" name="fun2" time="0.072"/>
  <testcase classname="demo1.DemoTest" name="fun3" time="0.293"/>
</testsuite> <!-- Test -->
