<?xml version="1.0" encoding="UTF-8"?>
<!-- Generated by org.testng.reporters.JUnitXMLReporter -->
<testsuite ignored="0" hostname="DESKTOP-FDDB765" failures="0" tests="5" name="Test" time="6.768" errors="0" timestamp="2025-08-28T22:01:59 IST">
  <testcase classname="demo1.Test2" name="f" time="0.014"/>
  <testcase classname="demo1.Test2" name="g" time="0.001"/>
  <testcase classname="demo1.DemoTest" name="fun1" time="5.38"/>
  <testcase classname="demo1.DemoTest" name="fun2" time="0.118"/>
  <testcase classname="demo1.DemoTest" name="fun3" time="0.642"/>
</testsuite> <!-- Test -->
