<?xml version="1.0" encoding="UTF-8"?>
<testng-results ignored="0" total="6" passed="6" failed="0" skipped="0">
  <reporter-output>
  </reporter-output>
  <suite started-at="2025-08-30T23:41:23 IST" name="Suite" finished-at="2025-08-30T23:41:32 IST" duration-ms="9794">
    <groups>
    </groups>
    <test started-at="2025-08-30T23:41:23 IST" name="Test" finished-at="2025-08-30T23:41:32 IST" duration-ms="9794">
      <class name="demo1.DemoTest">
        <test-method signature="fun1()[pri:1, instance:demo1.DemoTest@48aca48b]" started-at="2025-08-30T23:41:23 IST" name="fun1" finished-at="2025-08-30T23:41:28 IST" duration-ms="4839" status="PASS">
          <reporter-output>
          </reporter-output>
        </test-method> <!-- fun1 -->
        <test-method signature="fun2()[pri:2, instance:demo1.DemoTest@48aca48b]" started-at="2025-08-30T23:41:28 IST" name="fun2" finished-at="2025-08-30T23:41:28 IST" depends-on-methods="demo1.DemoTest.fun1" duration-ms="74" status="PASS">
          <reporter-output>
          </reporter-output>
        </test-method> <!-- fun2 -->
        <test-method signature="fun3()[pri:3, instance:demo1.DemoTest@48aca48b]" started-at="2025-08-30T23:41:28 IST" name="fun3" finished-at="2025-08-30T23:41:28 IST" duration-ms="255" status="PASS">
          <reporter-output>
          </reporter-output>
        </test-method> <!-- fun3 -->
        <test-method is-config="true" signature="tearDown()[pri:0, instance:demo1.DemoTest@48aca48b]" started-at="2025-08-30T23:41:28 IST" name="tearDown" finished-at="2025-08-30T23:41:28 IST" duration-ms="312" status="PASS">
          <reporter-output>
          </reporter-output>
        </test-method> <!-- tearDown -->
      </class> <!-- demo1.DemoTest -->
      <class name="demo1.Test2">
        <test-method signature="f()[pri:0, instance:demo1.Test2@49049a04]" started-at="2025-08-30T23:41:23 IST" name="f" finished-at="2025-08-30T23:41:23 IST" duration-ms="7" status="PASS">
          <reporter-output>
          </reporter-output>
        </test-method> <!-- f -->
        <test-method signature="g()[pri:0, instance:demo1.Test2@49049a04]" started-at="2025-08-30T23:41:23 IST" name="g" finished-at="2025-08-30T23:41:23 IST" duration-ms="2" status="PASS">
          <reporter-output>
          </reporter-output>
        </test-method> <!-- g -->
      </class> <!-- demo1.Test2 -->
      <class name="demo2.Test2">
        <test-method signature="fun()[pri:1, instance:demo2.Test2@791f145a]" started-at="2025-08-30T23:41:28 IST" name="fun" finished-at="2025-08-30T23:41:32 IST" duration-ms="3938" status="PASS">
          <reporter-output>
          </reporter-output>
        </test-method> <!-- fun -->
        <test-method is-config="true" signature="tearDown()[pri:0, instance:demo2.Test2@791f145a]" started-at="2025-08-30T23:41:32 IST" name="tearDown" finished-at="2025-08-30T23:41:32 IST" duration-ms="247" status="PASS">
          <reporter-output>
          </reporter-output>
        </test-method> <!-- tearDown -->
      </class> <!-- demo2.Test2 -->
    </test> <!-- Test -->
  </suite> <!-- Suite -->
</testng-results>
