<?xml version="1.0" encoding="UTF-8"?>
<testsuite xmlns:xsi="http://www.w3.org/2001/XMLSchema-instance" xsi:noNamespaceSchemaLocation="https://maven.apache.org/surefire/maven-surefire-plugin/xsd/surefire-test-report.xsd" version="3.0.2" name="TestSuite" time="13.008" tests="8" errors="0" skipped="0" failures="0">
  <properties>
[...]
</properties>
  <testcase name="f" classname="demo1.Test2" time="0.011">
    <system-out><![CDATA[Hello
]]></system-out>
    <system-err><![CDATA[SLF4J(W): No SLF4J providers were found.
SLF4J(W): Defaulting to no-operation (NOP) logger implementation
SLF4J(W): See https://www.slf4j.org/codes.html#noProviders for further details.
]]></system-err>
  </testcase>
  <testcase name="g" classname="demo1.Test2" time="0.01">
    <system-out><![CDATA[ajit
]]></system-out>
  </testcase>
  <testcase name="fun1" classname="demo1.DemoTest" time="4.373">
    <system-err><![CDATA[Aug 31, 2025 8:15:45 PM org.openqa.selenium.devtools.CdpVersionFinder findNearestMatch
WARNING: Unable to find CDP implementation matching 139
Aug 31, 2025 8:15:45 PM org.openqa.selenium.chromium.ChromiumDriver lambda$new$5
WARNING: Unable to find version of CDP to use for 139.0.7258.139. You may need to include a dependency on a specific version of the CDP using something similar to `org.seleniumhq.selenium:selenium-devtools-v86:4.25.0` where the version ("v86") matches the version of the chromium-based browser you're using and the version number of the artifact is the same as Selenium's.
]]></system-err>
  </testcase>
  <testcase name="fun2" classname="demo1.DemoTest" time="0.059"/>
  <testcase name="fun3" classname="demo1.DemoTest" time="0.691"/>
  <testcase name="f" classname="rest_api.ApiRequestBodyCreate" time="0.258">
    <system-out><![CDATA[[ {
  "id" : "1",
  "userName" : "Ajit"
}, {
  "id" : "2",
  "userName" : "Kumar"
} ]
]]></system-out>
  </testcase>
  <testcase name="fun" classname="demo2.Test2" time="5.69">
    <system-out><![CDATA[C:\Users\Ajeet\eclipse-workspace\GitHubPushCode/configureDriver/chromedriver.exe
]]></system-out>
    <system-err><![CDATA[Aug 31, 2025 8:15:49 PM org.openqa.selenium.devtools.CdpVersionFinder findNearestMatch
WARNING: Unable to find CDP implementation matching 139
Aug 31, 2025 8:15:49 PM org.openqa.selenium.chromium.ChromiumDriver lambda$new$5
WARNING: Unable to find version of CDP to use for 139.0.7258.139. You may need to include a dependency on a specific version of the CDP using something similar to `org.seleniumhq.selenium:selenium-devtools-v86:4.25.0` where the version ("v86") matches the version of the chromium-based browser you're using and the version number of the artifact is the same as Selenium's.
]]></system-err>
  </testcase>
  <testcase name="f" classname="api_requestBodyPreparation.ArrayRequestBodyCreate" time="0.008">
    <system-out><![CDATA[Hello ajit its working
{
  "user" : [ {
    "id" : "1",
    "name" : "ajit"
  }, {
    "id" : "2",
    "name" : "kumar"
  } ]
}
]]></system-out>
  </testcase>
</testsuite>