<?xml version="1.0" encoding="UTF-8"?>
<testng-results ignored="0" total="1" passed="1" failed="0" skipped="0">
  <reporter-output>
  </reporter-output>
  <suite started-at="2025-08-31T20:13:53 IST" name="Default suite" finished-at="2025-08-31T20:13:53 IST" duration-ms="501">
    <groups>
    </groups>
    <test started-at="2025-08-31T20:13:53 IST" name="Default test" finished-at="2025-08-31T20:13:53 IST" duration-ms="501">
      <class name="rest_api.ApiRequestBodyCreate">
        <test-method signature="f()[pri:0, instance:rest_api.ApiRequestBodyCreate@117159c0]" started-at="2025-08-31T20:13:53 IST" name="f" finished-at="2025-08-31T20:13:53 IST" duration-ms="412" status="PASS">
          <reporter-output>
          </reporter-output>
        </test-method> <!-- f -->
      </class> <!-- rest_api.ApiRequestBodyCreate -->
    </test> <!-- Default test -->
  </suite> <!-- Default suite -->
</testng-results>
